android-widget/app/build/intermediates/manifest_merge_blame_file/release/manifest-merger-blame-release-report.txt
1<?xml version="1.0" encoding="utf-8"?>
2<manifest xmlns:android="http://schemas.android.com/apk/res/android"
3    package="com.timewidget.digitalclock"
4    android:versionCode="3"
5    android:versionName="3.0-realtime" >
6
7    <uses-sdk
8        android:minSdkVersion="21"
9        android:targetSdkVersion="34" />
10
11    <application
11-->src/main/AndroidManifest.xml:4:5-21:19
12        android:extractNativeLibs="true"
13        android:icon="@mipmap/ic_launcher"
13-->src/main/AndroidManifest.xml:5:9-43
14        android:label="@string/app_name"
14-->src/main/AndroidManifest.xml:6:9-41
15        android:theme="@style/Theme.DigitalClockWidget" >
15-->src/main/AndroidManifest.xml:7:9-56
16        <receiver
16-->src/main/AndroidManifest.xml:9:9-19:20
17            android:name="com.timewidget.digitalclock.DigitalClockWidget"
17-->src/main/AndroidManifest.xml:9:19-53
18            android:exported="true" >
18-->src/main/AndroidManifest.xml:9:54-77
19            <intent-filter>
19-->src/main/AndroidManifest.xml:10:13-16:29
20                <action android:name="android.appwidget.action.APPWIDGET_UPDATE" />
20-->src/main/AndroidManifest.xml:11:17-84
20-->src/main/AndroidManifest.xml:11:25-81
21                <action android:name="android.intent.action.TIME_TICK" />
21-->src/main/AndroidManifest.xml:12:17-74
21-->src/main/AndroidManifest.xml:12:25-71
22                <action android:name="android.intent.action.TIME_SET" />
22-->src/main/AndroidManifest.xml:13:17-73
22-->src/main/AndroidManifest.xml:13:25-70
23                <action android:name="android.intent.action.TIMEZONE_CHANGED" />
23-->src/main/AndroidManifest.xml:14:17-81
23-->src/main/AndroidManifest.xml:14:25-78
24                <action android:name="UPDATE_TIME" />
24-->src/main/AndroidManifest.xml:15:17-54
24-->src/main/AndroidManifest.xml:15:25-51
25            </intent-filter>
26
27            <meta-data
27-->src/main/AndroidManifest.xml:17:13-18:69
28                android:name="android.appwidget.provider"
28-->src/main/AndroidManifest.xml:17:24-65
29                android:resource="@xml/digital_clock_widget_info" />
29-->src/main/AndroidManifest.xml:18:17-66
30        </receiver>
31    </application>
32
33</manifest>